<?xml version="1.0" encoding="UTF-8" ?>
<testsuite errors="0" failures="0" hostname="bt-macBook.local" name="rlVizLib.utilities.BitManipulationTest" tests="5" time="0.09" timestamp="2007-12-07T02:44:45">
  <properties>
[...]
</properties>
  <testcase classname="rlVizLib.utilities.BitManipulationTest" name="testinputEqualsOutput" time="0.0040" />
  <testcase classname="rlVizLib.utilities.BitManipulationTest" name="testPackMultiple" time="0.0010" />
  <testcase classname="rlVizLib.utilities.BitManipulationTest" name="testOffset" time="0.0030" />
  <testcase classname="rlVizLib.utilities.BitManipulationTest" name="testAmount" time="0.0020" />
  <testcase classname="rlVizLib.utilities.BitManipulationTest" name="testAssertionFailureOnInvalidInput" time="0.0020" />
  <system-out><![CDATA[]]></system-out>
  <system-err><![CDATA[]]></system-err>
</testsuite>
